[debug] [2023-05-04T09:33:17.503Z] ----------------------------------------------------------------------
[debug] [2023-05-04T09:33:17.506Z] Command:       C:\Program Files\nodejs\node.exe C:\Users\adity\AppData\Roaming\npm\node_modules\firebase-tools\lib\bin\firebase.js init firestore
[debug] [2023-05-04T09:33:17.506Z] CLI Version:   11.29.1
[debug] [2023-05-04T09:33:17.506Z] Platform:      win32
[debug] [2023-05-04T09:33:17.506Z] Node Version:  v20.0.0
[debug] [2023-05-04T09:33:17.506Z] Time:          Thu May 04 2023 15:03:17 GMT+0530 (India Standard Time)
[debug] [2023-05-04T09:33:17.507Z] ----------------------------------------------------------------------
[debug] 
[debug] [2023-05-04T09:33:17.513Z] > command requires scopes: ["email","openid","https://www.googleapis.com/auth/cloudplatformprojects.readonly","https://www.googleapis.com/auth/firebase","https://www.googleapis.com/auth/cloud-platform"]
[debug] [2023-05-04T09:33:17.513Z] > authorizing via signed-in user (adityatripathi2507@gmail.com)
[info] 
     ######## #### ########  ######## ########     ###     ######  ########
     ##        ##  ##     ## ##       ##     ##  ##   ##  ##       ##
     ######    ##  ########  ######   ########  #########  ######  ######
     ##        ##  ##    ##  ##       ##     ## ##     ##       ## ##
     ##       #### ##     ## ######## ########  ##     ##  ######  ########

You're about to initialize a Firebase project in this directory:

  C:\Users\adity\OneDrive\Desktop\Minor Project 2

[info] 
=== Project Setup
[info] 
[info] First, let's associate this project directory with a Firebase project.
[info] You can create multiple project aliases by running firebase use --add, 
[info] but for now we'll just set up a default project.
[info] 
[debug] [2023-05-04T09:33:43.966Z] >>> [apiv2][query] GET https://firebase.googleapis.com/v1beta1/projects pageSize=100
[debug] [2023-05-04T09:33:45.352Z] <<< [apiv2][status] GET https://firebase.googleapis.com/v1beta1/projects 200
[debug] [2023-05-04T09:33:45.352Z] <<< [apiv2][body] GET https://firebase.googleapis.com/v1beta1/projects [omitted]
